[2025-10-24 21:54:33] System started - MWINTELLIGENCE v3.0
[2025-10-24 21:55:13] System started - MWINTELLIGENCE v3.0
[2025-10-24 21:57:22] System started - MWINTELLIGENCE v3.0
[2025-10-24 21:58:50] System started - MWINTELLIGENCE v3.0
[2025-10-24 21:59:39] System started - MWINTELLIGENCE v3.0
[2025-10-24 22:00:09] System started - MWINTELLIGENCE v3.0
[2025-10-24 22:01:23] System started - MWINTELLIGENCE v3.0
[2025-10-24 22:01:36] System started - MWINTELLIGENCE v3.0
[2025-10-24 22:02:27] Backup created: backup_2025-10-24_22-02-27.csv
[2025-10-24 22:02:27] Added student: Mohamed Wael Abdo (ID: mohamed2976)
[2025-10-24 22:03:04] Data exported: mohamed (Format: 2)
[2025-10-24 22:06:38] System started - MWINTELLIGENCE v3.0
[2025-10-24 22:06:59] System started - MWINTELLIGENCE v3.0
[2025-10-24 22:08:31] System started - MWINTELLIGENCE v3.0
[2025-10-24 22:08:38] System started - MWINTELLIGENCE v3.0
[2025-10-24 22:09:42] System started - MWINTELLIGENCE v3.0
[2025-10-24 22:10:56] System started - MWINTELLIGENCE v3.0
[2025-10-24 22:12:41] System started - MWINTELLIGENCE v3.0
[2025-10-24 22:13:54] Backup created: backup_2025-10-24_22-13-54.csv
[2025-10-24 22:13:54] Added student: mohamed wael (ID: mohamed1449)
[2025-10-24 22:23:40] System started - MWINTELLIGENCE v3.0
[2025-10-24 22:26:32] System started - MWINTELLIGENCE v3.0
[2025-10-24 22:29:28] Backup created: backup_2025-10-24_22-29-28.csv
[2025-10-24 22:29:28] Added student: mohamed wael abdou (ID: mohaamed3032)
[2025-10-24 22:30:38] Backup created: backup_2025-10-24_22-30-38.csv
[2025-10-24 22:30:38] Added student: Menna wael abdou (ID: menna6194)
[2025-10-24 22:31:31] Data exported: mohamed22 (Format: 1)
[2025-10-24 22:32:07] Data exported: mohamed22 (Format: 2)
[2025-10-24 22:36:39] System started - MWINTELLIGENCE v3.0
[2025-10-24 22:36:50] Backup created: backup_2025-10-24_22-36-50.csv
[2025-10-24 22:36:50] System shutdown - Clean exit
[2025-10-24 22:38:11] System started - MWINTELLIGENCE v3.0
[2025-10-24 22:55:17] System shutdown - GUI application closed
[2025-10-24 22:58:00] System shutdown - GUI application closed
[2025-10-24 22:58:06] System shutdown - GUI application closed
[2025-10-24 22:59:58] System shutdown - GUI application closed
[2025-10-24 23:19:24] System started - MWINTELLIGENCE v3.0
[2025-10-24 23:23:01] Added student: mohamed wael abdou (ID: mohamedwaelabdou3300)
[2025-10-24 23:23:39] System started - MWINTELLIGENCE v3.0
[2025-10-25 13:44:34] System shutdown - GUI application closed
[2025-10-25 13:45:13] System shutdown - GUI application closed
[2025-10-25 13:55:19] System shutdown - GUI application closed
[2025-10-25 13:55:23] System started - MWINTELLIGENCE v3.0
[2025-10-27 08:56:14] System started - MWINTELLIGENCE v3.0
[2025-10-27 08:57:02] System started - MWINTELLIGENCE v3.0
[2025-10-27 11:26:41] System started - MWINTELLIGENCE v3.0
[2025-10-27 12:12:01] System started - MWINTELLIGENCE v3.0
[2025-10-27 12:12:45] Backup created: backup_2025-10-27_12-12-45.csv
[2025-10-27 12:12:45] Added student: Kevin (ID: kevin1802)
[2025-10-27 12:13:27] Data exported: kevin (Format: 2)
[2025-10-27 12:26:25] Backup created: backup_2025-10-27_12-26-25.csv
[2025-10-27 12:26:25] Imported 1 students from students.csv
[2025-11-03 10:07:46] System started - MWINTELLIGENCE v3.0
[2025-11-03 10:09:02] Backup created: backup_2025-11-03_10-09-02.csv
[2025-11-03 10:09:02] Added student: mohamed (ID: mohamed9485)
[2025-11-09 19:24:05] System started - MWINTELLIGENCE v3.0
